[2022-06-27T09:03:58.667] [DEBUG] default - SST: 1.2.20
[2022-06-27T09:03:58.669] [DEBUG] default - CDK: 2.24.0
[2022-06-27T09:03:58.734] [INFO] default - Using stage: dev
[2022-06-27T09:03:58.736] [INFO] default - [90mPreparing your SST app[39m
[2022-06-27T09:03:58.763] [INFO] default - 
[2022-06-27T09:03:58.763] [INFO] default - =======================
[2022-06-27T09:03:58.764] [INFO] default -  Deploying debug stack
[2022-06-27T09:03:58.764] [INFO] default - =======================
[2022-06-27T09:03:58.764] [INFO] default - 
[2022-06-27T09:03:58.765] [DEBUG] default - synth {
  app: 'node bin/index.mjs RMR dev us-west-1 "/Users/michael.moschitto/Desktop/RateMyRidgeliners"',
  output: 'cdk.out',
  rollback: true,
  roleArn: undefined,
  verbose: 0,
  noColor: false
}
[2022-06-27T09:04:02.190] [TRACE] cdk - 

[2022-06-27T09:04:02.231] [INFO] default - [90mDeploying stacks[39m
[2022-06-27T09:04:02.232] [DEBUG] default - checkInReviewBootstrapStacks
[2022-06-27T09:04:02.232] [DEBUG] default - checkInReviewBootstrapStackInRegion us-west-1
[2022-06-27T09:04:02.505] [TRACE] default - Initial stack states: [{"id":"dev-RMR-debug-stack","name":"dev-RMR-debug-stack","status":"pending","dependencies":[],"region":"us-west-1","events":[]}]
[2022-06-27T09:04:02.506] [TRACE] default - After update deploy statuses: [{"id":"dev-RMR-debug-stack","name":"dev-RMR-debug-stack","status":"pending","dependencies":[],"region":"us-west-1","events":[]}]
[2022-06-27T09:04:02.506] [DEBUG] default - deploy stack: started dev-RMR-debug-stack
[2022-06-27T09:04:02.507] [DEBUG] default - deploy stack: get pre-deploy status
[2022-06-27T09:04:02.682] [DEBUG] default - deploy stack: get pre-deploy status: stack does not exist
[2022-06-27T09:04:02.683] [DEBUG] default - deploy stack: addInUseExports
[2022-06-27T09:04:02.683] [DEBUG] default - deploy stack: isTemplateChanged
[2022-06-27T09:04:02.684] [DEBUG] default - deploy stack: run cdk deploy
[2022-06-27T09:04:02.690] [DEBUG] default - deploy stack: poll stack status
[2022-06-27T09:04:02.889] [DEBUG] default - deploy stack: poll stack status: unknown
[2022-06-27T09:04:03.911] [TRACE] default - deploy stack: run cdk deploy: stderr: 
✨  Synthesis time: 0.02s


[2022-06-27T09:04:03.912] [TRACE] default - deploy stack: run cdk deploy: stderr: [1mdev-RMR-debug-stack[22m: deploying...

[2022-06-27T09:04:04.580] [TRACE] default - deploy stack: run cdk deploy: stderr: [0%] start: Publishing 483ae06ed27ef8ca76e011264d772420593a6cfe8544759c306ef3b98c9e25be:215957796486-us-west-1

[2022-06-27T09:04:04.581] [TRACE] default - deploy stack: run cdk deploy: stderr: [0%] start: Publishing 0d89df84ea307d9cb0d70fbd76481e4e86f449d075a2a082cc2d323ee69a98e4:215957796486-us-west-1

[2022-06-27T09:04:04.581] [TRACE] default - deploy stack: run cdk deploy: stderr: [0%] start: Publishing 558dc75fbdc793c8e2f64f85d2d7ed2cb820c727ec7e9b08666ad1af0103992e:215957796486-us-west-1
[0%] start: Publishing 9c86ee624c9ba94e52972cbffdc037e7348cc1813bb8133a155d8792931b1ada:215957796486-us-west-1

[2022-06-27T09:04:05.542] [TRACE] default - deploy stack: run cdk deploy: stderr: [25%] success: Published 558dc75fbdc793c8e2f64f85d2d7ed2cb820c727ec7e9b08666ad1af0103992e:215957796486-us-west-1

[2022-06-27T09:04:05.543] [TRACE] default - deploy stack: run cdk deploy: stderr: [50%] success: Published 0d89df84ea307d9cb0d70fbd76481e4e86f449d075a2a082cc2d323ee69a98e4:215957796486-us-west-1

[2022-06-27T09:04:05.544] [TRACE] default - deploy stack: run cdk deploy: stderr: [75%] success: Published 483ae06ed27ef8ca76e011264d772420593a6cfe8544759c306ef3b98c9e25be:215957796486-us-west-1

[2022-06-27T09:04:05.545] [TRACE] default - deploy stack: run cdk deploy: stderr: [100%] success: Published 9c86ee624c9ba94e52972cbffdc037e7348cc1813bb8133a155d8792931b1ada:215957796486-us-west-1

[2022-06-27T09:04:05.723] [TRACE] default - deploy stack: run cdk deploy: stderr: [1mdev-RMR-debug-stack[22m: creating CloudFormation changeset...

[2022-06-27T09:04:06.080] [DEBUG] default - deploy stack: poll stack status: unknown
